2026-05-16 10:57:11.630  INFO 18024 --- [main] com.eventmaster.EventServiceApplication  : Starting EventServiceApplication using Java 11.0.18 on DESKTOP-DI2TN0O with PID 18024 (/mnt/c/code/EventMaster/event-service/target/classes started by ryanj in /mnt/c/code/EventMaster/event-service)
2026-05-16 10:57:11.783 DEBUG 18024 --- [main] com.eventmaster.EventServiceApplication  : Running with Spring Boot v2.7.14, Spring v5.3.29
2026-05-16 10:57:11.792  INFO 18024 --- [main] com.eventmaster.EventServiceApplication  : No active profile set, falling back to 1 default profile: "default"
2026-05-16 10:57:33.484  INFO 18024 --- [main] .s.d.r.c.RepositoryConfigurationDelegate : Bootstrapping Spring Data JPA repositories in DEFAULT mode.
2026-05-16 10:57:38.389  INFO 18024 --- [main] .s.d.r.c.RepositoryConfigurationDelegate : Finished Spring Data repository scanning in 4754 ms. Found 6 JPA repository interfaces.
2026-05-16 10:57:45.426  INFO 18024 --- [main] o.s.b.w.embedded.tomcat.TomcatWebServer  : Tomcat initialized with port(s): 8081 (http)
2026-05-16 10:57:45.493  INFO 18024 --- [main] o.apache.catalina.core.StandardService   : Starting service [Tomcat]
2026-05-16 10:57:45.494  INFO 18024 --- [main] org.apache.catalina.core.StandardEngine  : Starting Servlet engine: [Apache Tomcat/9.0.78]
2026-05-16 10:57:46.227  INFO 18024 --- [main] o.a.c.c.C.[.[.[/event-service]           : Initializing Spring embedded WebApplicationContext
2026-05-16 10:57:46.230  INFO 18024 --- [main] w.s.c.ServletWebServerApplicationContext : Root WebApplicationContext: initialization completed in 33705 ms
2026-05-16 10:57:46.390  INFO 18024 --- [main] com.zaxxer.hikari.HikariDataSource       : HikariPool-1 - Starting...
2026-05-16 10:57:47.956  INFO 18024 --- [main] com.zaxxer.hikari.HikariDataSource       : HikariPool-1 - Start completed.
2026-05-16 10:57:48.053  INFO 18024 --- [main] o.s.b.a.h2.H2ConsoleAutoConfiguration    : H2 console available at '/h2-console'. Database available at 'jdbc:h2:mem:eventdb'
2026-05-16 10:57:50.046 DEBUG 18024 --- [main] c.e.jwt.JwtAuthenticationFilter          : Filter 'jwtAuthenticationFilter' configured for use
2026-05-16 10:58:05.232  INFO 18024 --- [main] o.hibernate.jpa.internal.util.LogHelper  : HHH000204: Processing PersistenceUnitInfo [name: default]
2026-05-16 10:58:11.318  INFO 18024 --- [main] org.hibernate.Version                    : HHH000412: Hibernate ORM core version 5.6.15.Final
2026-05-16 10:58:37.711  INFO 18024 --- [main] o.hibernate.annotations.common.Version   : HCANN000001: Hibernate Commons Annotations {5.1.2.Final}
2026-05-16 10:59:04.129  INFO 18024 --- [main] org.hibernate.dialect.Dialect            : HHH000400: Using dialect: org.hibernate.dialect.H2Dialect
2026-05-16 10:59:17.501  INFO 18024 --- [main] o.h.e.t.j.p.i.JtaPlatformInitiator       : HHH000490: Using JtaPlatform implementation: [org.hibernate.engine.transaction.jta.platform.internal.NoJtaPlatform]
2026-05-16 10:59:17.720  INFO 18024 --- [main] j.LocalContainerEntityManagerFactoryBean : Initialized JPA EntityManagerFactory for persistence unit 'default'
2026-05-16 10:59:24.019  WARN 18024 --- [main] .s.s.UserDetailsServiceAutoConfiguration : 

Using generated security password: 5c7759ad-4e3c-4494-8dca-220ca9ebe10d

This generated password is for development use only. Your security configuration must be updated before running your application in production.

2026-05-16 10:59:25.394  INFO 18024 --- [main] o.s.s.web.DefaultSecurityFilterChain     : Will secure any request with [org.springframework.security.web.session.DisableEncodeUrlFilter@b787274, org.springframework.security.web.context.request.async.WebAsyncManagerIntegrationFilter@4ec616d6, org.springframework.security.web.context.SecurityContextPersistenceFilter@4cb82b09, org.springframework.security.web.header.HeaderWriterFilter@7d70ba18, org.springframework.security.web.authentication.logout.LogoutFilter@62de20d3, com.eventmaster.jwt.JwtAuthenticationFilter@2f860823, org.springframework.security.web.savedrequest.RequestCacheAwareFilter@b68932b, org.springframework.security.web.servletapi.SecurityContextHolderAwareRequestFilter@77b27b57, org.springframework.security.web.authentication.AnonymousAuthenticationFilter@55b45ea1, org.springframework.security.web.session.SessionManagementFilter@726ef6aa, org.springframework.security.web.access.ExceptionTranslationFilter@3883b5e9, org.springframework.security.web.access.intercept.FilterSecurityInterceptor@5807ea46]
2026-05-16 10:59:25.764  WARN 18024 --- [main] JpaBaseConfiguration$JpaWebConfiguration : spring.jpa.open-in-view is enabled by default. Therefore, database queries may be performed during view rendering. Explicitly configure spring.jpa.open-in-view to disable this warning
2026-05-16 10:59:26.721 DEBUG 18024 --- [main] s.w.s.m.m.a.RequestMappingHandlerMapping : 21 mappings in 'requestMappingHandlerMapping'
2026-05-16 10:59:27.692 DEBUG 18024 --- [main] s.w.s.m.m.a.RequestMappingHandlerAdapter : ControllerAdvice beans: 0 @ModelAttribute, 0 @InitBinder, 1 RequestBodyAdvice, 1 ResponseBodyAdvice
2026-05-16 10:59:28.192 DEBUG 18024 --- [main] .m.m.a.ExceptionHandlerExceptionResolver : ControllerAdvice beans: 1 @ExceptionHandler, 1 ResponseBodyAdvice
2026-05-16 10:59:30.707  INFO 18024 --- [main] o.s.b.w.embedded.tomcat.TomcatWebServer  : Tomcat started on port(s): 8081 (http) with context path '/event-service'
2026-05-16 10:59:30.764  INFO 18024 --- [main] com.eventmaster.EventServiceApplication  : Started EventServiceApplication in 148.363 seconds (JVM running for 152.909)
2026-05-16 11:04:45.757  INFO 18024 --- [http-nio-8081-exec-6] o.a.c.c.C.[.[.[/event-service]           : Initializing Spring DispatcherServlet 'dispatcherServlet'
2026-05-16 11:04:45.770  INFO 18024 --- [http-nio-8081-exec-6] o.s.web.servlet.DispatcherServlet        : Initializing Servlet 'dispatcherServlet'
2026-05-16 11:04:45.781 DEBUG 18024 --- [http-nio-8081-exec-6] o.s.web.servlet.DispatcherServlet        : Detected StandardServletMultipartResolver
2026-05-16 11:04:45.786 DEBUG 18024 --- [http-nio-8081-exec-6] o.s.web.servlet.DispatcherServlet        : Detected AcceptHeaderLocaleResolver
2026-05-16 11:04:45.788 DEBUG 18024 --- [http-nio-8081-exec-6] o.s.web.servlet.DispatcherServlet        : Detected FixedThemeResolver
2026-05-16 11:04:45.855 DEBUG 18024 --- [http-nio-8081-exec-6] o.s.web.servlet.DispatcherServlet        : Detected org.springframework.web.servlet.view.DefaultRequestToViewNameTranslator@441016d6
2026-05-16 11:04:45.858 DEBUG 18024 --- [http-nio-8081-exec-6] o.s.web.servlet.DispatcherServlet        : Detected org.springframework.web.servlet.support.SessionFlashMapManager@37b80ec7
2026-05-16 11:04:45.859 DEBUG 18024 --- [http-nio-8081-exec-6] o.s.web.servlet.DispatcherServlet        : enableLoggingRequestDetails='false': request parameters and headers will be masked to prevent unsafe logging of potentially sensitive data
2026-05-16 11:04:45.860  INFO 18024 --- [http-nio-8081-exec-6] o.s.web.servlet.DispatcherServlet        : Completed initialization in 87 ms
2026-05-16 11:04:46.248 DEBUG 18024 --- [http-nio-8081-exec-6] o.s.web.servlet.DispatcherServlet        : GET "/event-service/events", parameters={}
2026-05-16 11:04:46.310 DEBUG 18024 --- [http-nio-8081-exec-6] s.w.s.m.m.a.RequestMappingHandlerMapping : Mapped to com.eventmaster.controller.EventController#getAllEvents(String, String, LocalDateTime, LocalDateTime, Visibility, Pageable)
2026-05-16 11:04:46.676 DEBUG 18024 --- [http-nio-8081-exec-6] c.e.controller.EventController           : GET /events location=null creatorUsername=null startAfter=null startBefore=null visibility=null
2026-05-16 11:04:47.950 DEBUG 18024 --- [http-nio-8081-exec-6] org.hibernate.SQL                        : select event0_.id as id1_4_, event0_.capacity as capacity2_4_, event0_.created_at as created_3_4_, event0_.creator_username as creator_4_4_, event0_.description as descript5_4_, event0_.end_time as end_time6_4_, event0_.image_url as image_ur7_4_, event0_.location as location8_4_, event0_.start_time as start_ti9_4_, event0_.title as title10_4_, event0_.visibility as visibil11_4_ from events event0_ limit ?
2026-05-16 11:04:49.039 DEBUG 18024 --- [http-nio-8081-exec-6] o.s.w.s.m.m.a.HttpEntityMethodProcessor  : Using 'application/json', given [*/*] and supported [application/json, application/*+json]
2026-05-16 11:04:49.045 DEBUG 18024 --- [http-nio-8081-exec-6] o.s.w.s.m.m.a.HttpEntityMethodProcessor  : Writing [Page 1 of 1 containing com.eventmaster.model.Event instances]
2026-05-16 11:04:49.375 DEBUG 18024 --- [http-nio-8081-exec-6] o.s.web.servlet.DispatcherServlet        : Completed 200 OK
2026-05-16 11:05:02.984 DEBUG 18024 --- [http-nio-8081-exec-9] o.s.web.servlet.DispatcherServlet        : POST "/event-service/events", parameters={}
2026-05-16 11:05:02.988 DEBUG 18024 --- [http-nio-8081-exec-9] s.w.s.m.m.a.RequestMappingHandlerMapping : Mapped to com.eventmaster.controller.EventController#createEvent(CreateEventRequest, Authentication)
2026-05-16 11:05:03.743 DEBUG 18024 --- [http-nio-8081-exec-9] m.m.a.RequestResponseBodyMethodProcessor : Read "application/json;charset=UTF-8" to [com.eventmaster.model.CreateEventRequest@60617704]
2026-05-16 11:05:04.565 DEBUG 18024 --- [http-nio-8081-exec-9] c.e.controller.EventController           : POST /events from user: smokeA1778947490 visibility: PUBLIC
2026-05-16 11:05:05.820 DEBUG 18024 --- [http-nio-8081-exec-9] org.hibernate.SQL                        : insert into events (id, capacity, created_at, creator_username, description, end_time, image_url, location, start_time, title, visibility) values (default, ?, ?, ?, ?, ?, ?, ?, ?, ?, ?)
2026-05-16 11:05:06.106  INFO 18024 --- [http-nio-8081-exec-9] com.eventmaster.service.EventService     : Event created with id: 4 by user: smokeA1778947490
2026-05-16 11:05:06.114 DEBUG 18024 --- [http-nio-8081-exec-9] o.s.w.s.m.m.a.HttpEntityMethodProcessor  : Using 'application/json', given [*/*] and supported [application/json, application/*+json]
2026-05-16 11:05:06.119 DEBUG 18024 --- [http-nio-8081-exec-9] o.s.w.s.m.m.a.HttpEntityMethodProcessor  : Writing [com.eventmaster.model.Event@79504d11]
2026-05-16 11:05:06.123 DEBUG 18024 --- [http-nio-8081-exec-9] o.s.web.servlet.DispatcherServlet        : Completed 200 OK
2026-05-16 11:05:15.755 DEBUG 18024 --- [http-nio-8081-exec-7] o.s.web.servlet.DispatcherServlet        : GET "/event-service/events?creatorUsername=smokeA1778947490&startAfter=2026-05-16T11:05:09.918422&size=50", parameters={masked}
2026-05-16 11:05:15.761 DEBUG 18024 --- [http-nio-8081-exec-7] s.w.s.m.m.a.RequestMappingHandlerMapping : Mapped to com.eventmaster.controller.EventController#getAllEvents(String, String, LocalDateTime, LocalDateTime, Visibility, Pageable)
2026-05-16 11:05:15.899 DEBUG 18024 --- [http-nio-8081-exec-7] c.e.controller.EventController           : GET /events location=null creatorUsername=smokeA1778947490 startAfter=2026-05-16T11:05:09.918422 startBefore=null visibility=null
2026-05-16 11:05:17.145 DEBUG 18024 --- [http-nio-8081-exec-7] org.hibernate.SQL                        : select event0_.id as id1_4_, event0_.capacity as capacity2_4_, event0_.created_at as created_3_4_, event0_.creator_username as creator_4_4_, event0_.description as descript5_4_, event0_.end_time as end_time6_4_, event0_.image_url as image_ur7_4_, event0_.location as location8_4_, event0_.start_time as start_ti9_4_, event0_.title as title10_4_, event0_.visibility as visibil11_4_ from events event0_ where event0_.creator_username=? and event0_.start_time>=? limit ?
2026-05-16 11:05:18.162 DEBUG 18024 --- [http-nio-8081-exec-7] o.s.w.s.m.m.a.HttpEntityMethodProcessor  : Using 'application/json', given [application/json, application/*+json] and supported [application/json, application/*+json]
2026-05-16 11:05:18.173 DEBUG 18024 --- [http-nio-8081-exec-7] o.s.w.s.m.m.a.HttpEntityMethodProcessor  : Writing [Page 1 of 1 containing com.eventmaster.model.Event instances]
2026-05-16 11:05:18.432 DEBUG 18024 --- [http-nio-8081-exec-7] o.s.web.servlet.DispatcherServlet        : Completed 200 OK
2026-05-16 11:05:37.570 DEBUG 18024 --- [http-nio-8081-exec-2] o.s.web.servlet.DispatcherServlet        : POST "/event-service/events/4/comments", parameters={}
2026-05-16 11:05:37.604 DEBUG 18024 --- [http-nio-8081-exec-2] s.w.s.m.m.a.RequestMappingHandlerMapping : Mapped to com.eventmaster.controller.CommentController#createComment(Long, CreateCommentRequest, Authentication)
2026-05-16 11:05:37.670 DEBUG 18024 --- [http-nio-8081-exec-2] m.m.a.RequestResponseBodyMethodProcessor : Read "application/json;charset=UTF-8" to [com.eventmaster.model.CreateCommentRequest@1778cc27]
2026-05-16 11:05:37.918 DEBUG 18024 --- [http-nio-8081-exec-2] org.hibernate.SQL                        : select event0_.id as id1_4_0_, event0_.capacity as capacity2_4_0_, event0_.created_at as created_3_4_0_, event0_.creator_username as creator_4_4_0_, event0_.description as descript5_4_0_, event0_.end_time as end_time6_4_0_, event0_.image_url as image_ur7_4_0_, event0_.location as location8_4_0_, event0_.start_time as start_ti9_4_0_, event0_.title as title10_4_0_, event0_.visibility as visibil11_4_0_ from events event0_ where event0_.id=?
2026-05-16 11:05:38.421 DEBUG 18024 --- [http-nio-8081-exec-2] org.hibernate.SQL                        : insert into comments (id, content, created_at, event_id, username) values (default, ?, ?, ?, ?)
2026-05-16 11:05:38.433  INFO 18024 --- [http-nio-8081-exec-2] com.eventmaster.service.CommentService   : User 'smokeB1778947490' commented on event 4
2026-05-16 11:05:38.439 DEBUG 18024 --- [http-nio-8081-exec-2] o.s.w.s.m.m.a.HttpEntityMethodProcessor  : Using 'application/json', given [*/*] and supported [application/json, application/*+json]
2026-05-16 11:05:38.440 DEBUG 18024 --- [http-nio-8081-exec-2] o.s.w.s.m.m.a.HttpEntityMethodProcessor  : Writing [com.eventmaster.model.Comment@2374eb37]
2026-05-16 11:05:38.443 DEBUG 18024 --- [http-nio-8081-exec-2] o.s.web.servlet.DispatcherServlet        : Completed 201 CREATED
2026-05-16 11:05:38.551 DEBUG 18024 --- [http-nio-8081-exec-4] o.s.web.servlet.DispatcherServlet        : POST "/event-service/comments/1/like", parameters={}
2026-05-16 11:05:38.553 DEBUG 18024 --- [http-nio-8081-exec-4] s.w.s.m.m.a.RequestMappingHandlerMapping : Mapped to com.eventmaster.controller.CommentController#likeComment(Long, Authentication)
2026-05-16 11:05:38.557 DEBUG 18024 --- [http-nio-8081-exec-4] org.hibernate.SQL                        : select comment0_.id as id1_1_0_, comment0_.content as content2_1_0_, comment0_.created_at as created_3_1_0_, comment0_.event_id as event_id4_1_0_, comment0_.username as username5_1_0_ from comments comment0_ where comment0_.id=?
2026-05-16 11:05:38.948 DEBUG 18024 --- [http-nio-8081-exec-4] org.hibernate.SQL                        : select commentlik0_.id as col_0_0_ from comment_likes commentlik0_ inner join comments comment1_ on commentlik0_.comment_id=comment1_.id where comment1_.id=? and commentlik0_.username=? limit ?
2026-05-16 11:05:39.161 DEBUG 18024 --- [http-nio-8081-exec-4] org.hibernate.SQL                        : insert into comment_likes (id, comment_id, liked_at, username) values (default, ?, ?, ?)
2026-05-16 11:05:39.182  INFO 18024 --- [http-nio-8081-exec-4] com.eventmaster.service.CommentService   : User 'smokeA1778947490' liked comment 1
2026-05-16 11:05:39.186 DEBUG 18024 --- [http-nio-8081-exec-4] o.s.w.s.m.m.a.HttpEntityMethodProcessor  : Using 'application/json', given [*/*] and supported [application/json, application/*+json]
2026-05-16 11:05:39.186 DEBUG 18024 --- [http-nio-8081-exec-4] o.s.w.s.m.m.a.HttpEntityMethodProcessor  : Nothing to write: null body
2026-05-16 11:05:39.188 DEBUG 18024 --- [http-nio-8081-exec-4] o.s.web.servlet.DispatcherServlet        : Completed 200 OK
2026-05-16 11:05:39.331 DEBUG 18024 --- [http-nio-8081-exec-1] o.s.web.servlet.DispatcherServlet        : POST "/event-service/events/4/save", parameters={}
2026-05-16 11:05:39.334 DEBUG 18024 --- [http-nio-8081-exec-1] s.w.s.m.m.a.RequestMappingHandlerMapping : Mapped to com.eventmaster.controller.SavedEventController#save(Long, Authentication)
2026-05-16 11:05:39.347 DEBUG 18024 --- [http-nio-8081-exec-1] org.hibernate.SQL                        : select event0_.id as id1_4_0_, event0_.capacity as capacity2_4_0_, event0_.created_at as created_3_4_0_, event0_.creator_username as creator_4_4_0_, event0_.description as descript5_4_0_, event0_.end_time as end_time6_4_0_, event0_.image_url as image_ur7_4_0_, event0_.location as location8_4_0_, event0_.start_time as start_ti9_4_0_, event0_.title as title10_4_0_, event0_.visibility as visibil11_4_0_ from events event0_ where event0_.id=?
2026-05-16 11:05:39.635 DEBUG 18024 --- [http-nio-8081-exec-1] org.hibernate.SQL                        : select savedevent0_.id as col_0_0_ from saved_events savedevent0_ inner join events event1_ on savedevent0_.event_id=event1_.id where savedevent0_.username=? and event1_.id=? limit ?
2026-05-16 11:05:39.956 DEBUG 18024 --- [http-nio-8081-exec-1] org.hibernate.SQL                        : insert into saved_events (id, event_id, saved_at, username) values (default, ?, ?, ?)
2026-05-16 11:05:39.960  INFO 18024 --- [http-nio-8081-exec-1] c.eventmaster.service.SavedEventService  : User 'smokeB1778947490' saved event 4
2026-05-16 11:05:39.963 DEBUG 18024 --- [http-nio-8081-exec-1] o.s.w.s.m.m.a.HttpEntityMethodProcessor  : Using 'application/json', given [*/*] and supported [application/json, application/*+json]
2026-05-16 11:05:39.964 DEBUG 18024 --- [http-nio-8081-exec-1] o.s.w.s.m.m.a.HttpEntityMethodProcessor  : Nothing to write: null body
2026-05-16 11:05:39.966 DEBUG 18024 --- [http-nio-8081-exec-1] o.s.web.servlet.DispatcherServlet        : Completed 200 OK
2026-05-16 11:05:40.048 DEBUG 18024 --- [http-nio-8081-exec-6] o.s.web.servlet.DispatcherServlet        : GET "/event-service/users/smokeB1778947490/saved-events", parameters={}
2026-05-16 11:05:40.050 DEBUG 18024 --- [http-nio-8081-exec-6] s.w.s.m.m.a.RequestMappingHandlerMapping : Mapped to com.eventmaster.controller.SavedEventController#getSavedEvents(String, Authentication)
2026-05-16 11:05:40.061 DEBUG 18024 --- [http-nio-8081-exec-6] org.hibernate.SQL                        : select savedevent0_.id as id1_5_, savedevent0_.event_id as event_id4_5_, savedevent0_.saved_at as saved_at2_5_, savedevent0_.username as username3_5_ from saved_events savedevent0_ where savedevent0_.username=?
2026-05-16 11:05:40.064 DEBUG 18024 --- [http-nio-8081-exec-6] org.hibernate.SQL                        : select event0_.id as id1_4_0_, event0_.capacity as capacity2_4_0_, event0_.created_at as created_3_4_0_, event0_.creator_username as creator_4_4_0_, event0_.description as descript5_4_0_, event0_.end_time as end_time6_4_0_, event0_.image_url as image_ur7_4_0_, event0_.location as location8_4_0_, event0_.start_time as start_ti9_4_0_, event0_.title as title10_4_0_, event0_.visibility as visibil11_4_0_ from events event0_ where event0_.id=?
2026-05-16 11:05:40.074 DEBUG 18024 --- [http-nio-8081-exec-6] o.s.w.s.m.m.a.HttpEntityMethodProcessor  : Using 'application/json', given [*/*] and supported [application/json, application/*+json]
2026-05-16 11:05:40.075 DEBUG 18024 --- [http-nio-8081-exec-6] o.s.w.s.m.m.a.HttpEntityMethodProcessor  : Writing [[com.eventmaster.model.Event@3d4a7b4d]]
2026-05-16 11:05:40.092 DEBUG 18024 --- [http-nio-8081-exec-6] o.s.web.servlet.DispatcherServlet        : Completed 200 OK
2026-05-16 11:05:40.188 DEBUG 18024 --- [http-nio-8081-exec-9] o.s.web.servlet.DispatcherServlet        : POST "/event-service/events/4/save", parameters={}
2026-05-16 11:05:40.190 DEBUG 18024 --- [http-nio-8081-exec-9] s.w.s.m.m.a.RequestMappingHandlerMapping : Mapped to com.eventmaster.controller.SavedEventController#save(Long, Authentication)
2026-05-16 11:05:40.192 DEBUG 18024 --- [http-nio-8081-exec-9] org.hibernate.SQL                        : select event0_.id as id1_4_0_, event0_.capacity as capacity2_4_0_, event0_.created_at as created_3_4_0_, event0_.creator_username as creator_4_4_0_, event0_.description as descript5_4_0_, event0_.end_time as end_time6_4_0_, event0_.image_url as image_ur7_4_0_, event0_.location as location8_4_0_, event0_.start_time as start_ti9_4_0_, event0_.title as title10_4_0_, event0_.visibility as visibil11_4_0_ from events event0_ where event0_.id=?
2026-05-16 11:05:40.202 DEBUG 18024 --- [http-nio-8081-exec-9] org.hibernate.SQL                        : select savedevent0_.id as col_0_0_ from saved_events savedevent0_ inner join events event1_ on savedevent0_.event_id=event1_.id where savedevent0_.username=? and event1_.id=? limit ?
2026-05-16 11:05:40.345 DEBUG 18024 --- [http-nio-8081-exec-9] .m.m.a.ExceptionHandlerExceptionResolver : Using @ExceptionHandler com.eventmaster.exception.GlobalExceptionHandler#handleIllegalState(IllegalStateException)
2026-05-16 11:05:40.346  WARN 18024 --- [http-nio-8081-exec-9] c.e.exception.GlobalExceptionHandler     : Conflict: You have already saved this event
2026-05-16 11:05:40.360 DEBUG 18024 --- [http-nio-8081-exec-9] o.s.w.s.m.m.a.HttpEntityMethodProcessor  : Using 'application/json', given [*/*] and supported [application/json, application/*+json]
2026-05-16 11:05:40.362 DEBUG 18024 --- [http-nio-8081-exec-9] o.s.w.s.m.m.a.HttpEntityMethodProcessor  : Writing [{timestamp=2026-05-16T11:05:40.347995, status=409, error=Conflict, message=You have already saved th (truncated)...]
2026-05-16 11:05:40.407 DEBUG 18024 --- [http-nio-8081-exec-9] .m.m.a.ExceptionHandlerExceptionResolver : Resolved [java.lang.IllegalStateException: You have already saved this event]
2026-05-16 11:05:40.409 DEBUG 18024 --- [http-nio-8081-exec-9] o.s.web.servlet.DispatcherServlet        : Completed 409 CONFLICT
